Running: C:\Xilinx\14.7\ISE_DS\ISE\bin\nt\unwrapped\fuse.exe -intstyle ise -incremental -lib unisims_ver -lib unimacro_ver -lib xilinxcorelib_ver -lib secureip -o C:/Documents and Settings/Administrator/Desktop/Xillinx projects/Lab4/Lab2/ComplexMultiplier_tb_isim_beh.exe -prj C:/Documents and Settings/Administrator/Desktop/Xillinx projects/Lab4/Lab2/ComplexMultiplier_tb_beh.prj work.ComplexMultiplier_tb work.glbl 
ISim P.20131013 (signature 0x8ef4fb42)
Number of CPUs detected in this system: 4
Turning on mult-threading, number of parallel sub-compilation jobs: 8 
Determining compilation order of HDL files
Analyzing Verilog file "C:/Documents and Settings/Administrator/Desktop/Xillinx projects/Lab4/Lab2/ComplexMultiplier.v" into library work
Analyzing Verilog file "C:/Documents and Settings/Administrator/Desktop/Xillinx projects/Lab4/Lab2/ComplexMultiplier_tb.v" into library work
Analyzing Verilog file "C:/Xilinx/14.7/ISE_DS/ISE//verilog/src/glbl.v" into library work
Starting static elaboration
Completed static elaboration
Fuse Memory Usage: 65488 KB
Fuse CPU Usage: 249 ms
Compiling module ComplexMultiplier
Compiling module ComplexMultiplier_tb
Compiling module glbl
Time Resolution for simulation is 1ps.
Waiting for 1 sub-compilation(s) to finish...
Compiled 3 Verilog Units
Built simulation executable C:/Documents and Settings/Administrator/Desktop/Xillinx projects/Lab4/Lab2/ComplexMultiplier_tb_isim_beh.exe
Fuse Memory Usage: 70996 KB
Fuse CPU Usage: 281 ms
