#-----------------------------------------------------------
# Vivado v2017.4 (64-bit)
# SW Build 2086221 on Fri Dec 15 20:55:39 MST 2017
# IP Build 2085800 on Fri Dec 15 22:25:07 MST 2017
# Start of session at: Sat Apr 13 13:12:38 2024
# Process ID: 4840
# Current directory: E:/University/Semester 8/FPGA/Lab/Lab5/part1
# Command line: vivado.exe -gui_launcher_event rodinguilauncherevent21512 E:\University\Semester 8\FPGA\Lab\Lab5\part1\part1.xpr
# Log file: E:/University/Semester 8/FPGA/Lab/Lab5/part1/vivado.log
# Journal file: E:/University/Semester 8/FPGA/Lab/Lab5/part1\vivado.jou
#-----------------------------------------------------------
start_gui
open_project {E:/University/Semester 8/FPGA/Lab/Lab5/part1/part1.xpr}
Scanning sources...
Finished scanning sources
INFO: [IP_Flow 19-234] Refreshing IP repositories
INFO: [IP_Flow 19-1704] No user IP repositories specified
INFO: [IP_Flow 19-2313] Loaded Vivado IP repository 'F:/Vivado/Vivado/2017.4/data/ip'.
open_project: Time (s): cpu = 00:00:23 ; elapsed = 00:00:18 . Memory (MB): peak = 827.477 ; gain = 113.070
update_compile_order -fileset sources_1
open_hw
connect_hw_server
INFO: [Labtools 27-2285] Connecting to hw_server url TCP:localhost:3121
INFO: [Labtools 27-2222] Launching hw_server...
INFO: [Labtools 27-2221] Launch Output:

****** Xilinx hw_server v2017.4
  **** Build date : Dec 15 2017-21:08:27
    ** Copyright 1986-2017 Xilinx, Inc. All Rights Reserved.


connect_hw_server: Time (s): cpu = 00:00:01 ; elapsed = 00:00:06 . Memory (MB): peak = 863.285 ; gain = 0.000
open_hw_target
INFO: [Labtoolstcl 44-466] Opening hw_target localhost:3121/xilinx_tcf/Digilent/210512180081
open_hw_target: Time (s): cpu = 00:00:04 ; elapsed = 00:00:07 . Memory (MB): peak = 1455.801 ; gain = 592.484
set_property PROGRAM.FILE {E:/University/Semester 8/FPGA/Lab/Lab5/part1/part1.runs/impl_1/sign_adder.bit} [get_hw_devices xc7z010_1]
current_hw_device [get_hw_devices xc7z010_1]
refresh_hw_device -update_hw_probes false [lindex [get_hw_devices xc7z010_1] 0]
INFO: [Labtools 27-1434] Device xc7z010 (JTAG device index = 1) is programmed with a design that has no supported debug core(s) in it.
WARNING: [Labtools 27-3361] The debug hub core was not detected.
Resolution: 
1. Make sure the clock connected to the debug hub (dbg_hub) core is a free running clock and is active.
2. Make sure the BSCAN_SWITCH_USER_MASK device property in Vivado Hardware Manager reflects the user scan chain setting in the design and refresh the device.  To determine the user scan chain setting in the design, open the implemented design and use 'get_property C_USER_SCAN_CHAIN [get_debug_cores dbg_hub]'.
For more details on setting the scan chain property, consult the Vivado Debug and Programming User Guide (UG908).
set_property PROBES.FILE {} [get_hw_devices xc7z010_1]
set_property FULL_PROBES.FILE {} [get_hw_devices xc7z010_1]
set_property PROGRAM.FILE {E:/University/Semester 8/FPGA/Lab/Lab5/part1/part1.runs/impl_1/sign_adder.bit} [get_hw_devices xc7z010_1]
program_hw_devices [get_hw_devices xc7z010_1]
INFO: [Labtools 27-3164] End of startup status: HIGH
refresh_hw_device [lindex [get_hw_devices xc7z010_1] 0]
INFO: [Labtools 27-1434] Device xc7z010 (JTAG device index = 1) is programmed with a design that has no supported debug core(s) in it.
WARNING: [Labtools 27-3361] The debug hub core was not detected.
Resolution: 
1. Make sure the clock connected to the debug hub (dbg_hub) core is a free running clock and is active.
2. Make sure the BSCAN_SWITCH_USER_MASK device property in Vivado Hardware Manager reflects the user scan chain setting in the design and refresh the device.  To determine the user scan chain setting in the design, open the implemented design and use 'get_property C_USER_SCAN_CHAIN [get_debug_cores dbg_hub]'.
For more details on setting the scan chain property, consult the Vivado Debug and Programming User Guide (UG908).
reset_run synth_1
WARNING: [Vivado 12-1017] Problems encountered:
1. Failed to delete one or more files in run directory E:/University/Semester 8/FPGA/Lab/Lab5/part1/part1.runs/synth_1

launch_runs impl_1 -to_step write_bitstream -jobs 4
[Sat Apr 13 13:35:01 2024] Launched synth_1...
Run output will be captured here: E:/University/Semester 8/FPGA/Lab/Lab5/part1/part1.runs/synth_1/runme.log
[Sat Apr 13 13:35:01 2024] Launched impl_1...
Run output will be captured here: E:/University/Semester 8/FPGA/Lab/Lab5/part1/part1.runs/impl_1/runme.log
reset_run synth_1
WARNING: [Vivado 12-1017] Problems encountered:
1. Failed to delete one or more files in run directory E:/University/Semester 8/FPGA/Lab/Lab5/part1/part1.runs/synth_1

launch_runs impl_1 -to_step write_bitstream -jobs 8
[Sat Apr 13 13:38:04 2024] Launched synth_1...
Run output will be captured here: E:/University/Semester 8/FPGA/Lab/Lab5/part1/part1.runs/synth_1/runme.log
[Sat Apr 13 13:38:04 2024] Launched impl_1...
Run output will be captured here: E:/University/Semester 8/FPGA/Lab/Lab5/part1/part1.runs/impl_1/runme.log
reset_run synth_1
WARNING: [Vivado 12-1017] Problems encountered:
1. Failed to delete one or more files in run directory E:/University/Semester 8/FPGA/Lab/Lab5/part1/part1.runs/synth_1

launch_runs synth_1 -jobs 8
[Sat Apr 13 13:38:43 2024] Launched synth_1...
Run output will be captured here: E:/University/Semester 8/FPGA/Lab/Lab5/part1/part1.runs/synth_1/runme.log
close_hw
launch_runs impl_1 -jobs 8
[Sat Apr 13 13:39:48 2024] Launched impl_1...
Run output will be captured here: E:/University/Semester 8/FPGA/Lab/Lab5/part1/part1.runs/impl_1/runme.log
launch_runs impl_1 -to_step write_bitstream -jobs 8
[Sat Apr 13 13:41:31 2024] Launched impl_1...
Run output will be captured here: E:/University/Semester 8/FPGA/Lab/Lab5/part1/part1.runs/impl_1/runme.log
open_hw
connect_hw_server
INFO: [Labtools 27-2285] Connecting to hw_server url TCP:localhost:3121
INFO: [Labtools 27-2222] Launching hw_server...
INFO: [Labtools 27-2221] Launch Output:

****** Xilinx hw_server v2017.4
  **** Build date : Dec 15 2017-21:08:27
    ** Copyright 1986-2017 Xilinx, Inc. All Rights Reserved.


open_hw_target
INFO: [Labtoolstcl 44-466] Opening hw_target localhost:3121/xilinx_tcf/Digilent/210512180081
set_property PROGRAM.FILE {E:/University/Semester 8/FPGA/Lab/Lab5/part1/part1.runs/impl_1/sign_adder.bit} [get_hw_devices xc7z010_1]
current_hw_device [get_hw_devices xc7z010_1]
refresh_hw_device -update_hw_probes false [lindex [get_hw_devices xc7z010_1] 0]
INFO: [Labtools 27-1434] Device xc7z010 (JTAG device index = 1) is programmed with a design that has no supported debug core(s) in it.
WARNING: [Labtools 27-3361] The debug hub core was not detected.
Resolution: 
1. Make sure the clock connected to the debug hub (dbg_hub) core is a free running clock and is active.
2. Make sure the BSCAN_SWITCH_USER_MASK device property in Vivado Hardware Manager reflects the user scan chain setting in the design and refresh the device.  To determine the user scan chain setting in the design, open the implemented design and use 'get_property C_USER_SCAN_CHAIN [get_debug_cores dbg_hub]'.
For more details on setting the scan chain property, consult the Vivado Debug and Programming User Guide (UG908).
set_property PROBES.FILE {} [get_hw_devices xc7z010_1]
set_property FULL_PROBES.FILE {} [get_hw_devices xc7z010_1]
set_property PROGRAM.FILE {E:/University/Semester 8/FPGA/Lab/Lab5/part1/part1.runs/impl_1/sign_adder.bit} [get_hw_devices xc7z010_1]
program_hw_devices [get_hw_devices xc7z010_1]
INFO: [Labtools 27-3164] End of startup status: HIGH
refresh_hw_device [lindex [get_hw_devices xc7z010_1] 0]
INFO: [Labtools 27-1434] Device xc7z010 (JTAG device index = 1) is programmed with a design that has no supported debug core(s) in it.
WARNING: [Labtools 27-3361] The debug hub core was not detected.
Resolution: 
1. Make sure the clock connected to the debug hub (dbg_hub) core is a free running clock and is active.
2. Make sure the BSCAN_SWITCH_USER_MASK device property in Vivado Hardware Manager reflects the user scan chain setting in the design and refresh the device.  To determine the user scan chain setting in the design, open the implemented design and use 'get_property C_USER_SCAN_CHAIN [get_debug_cores dbg_hub]'.
For more details on setting the scan chain property, consult the Vivado Debug and Programming User Guide (UG908).
exit
INFO: [Common 17-206] Exiting Vivado at Sat Apr 13 14:02:51 2024...
