#-----------------------------------------------------------
# Vivado v2017.4 (64-bit)
# SW Build 2086221 on Fri Dec 15 20:55:39 MST 2017
# IP Build 2085800 on Fri Dec 15 22:25:07 MST 2017
# Start of session at: Sat Apr 13 18:41:33 2024
# Process ID: 12976
# Current directory: E:/University/Semester 8/FPGA/Lab/Lab5/part1
# Command line: vivado.exe -gui_launcher_event rodinguilauncherevent21452 E:\University\Semester 8\FPGA\Lab\Lab5\part1\part1.xpr
# Log file: E:/University/Semester 8/FPGA/Lab/Lab5/part1/vivado.log
# Journal file: E:/University/Semester 8/FPGA/Lab/Lab5/part1\vivado.jou
#-----------------------------------------------------------
start_gui
open_project {E:/University/Semester 8/FPGA/Lab/Lab5/part1/part1.xpr}
Scanning sources...
Finished scanning sources
INFO: [IP_Flow 19-234] Refreshing IP repositories
INFO: [IP_Flow 19-1704] No user IP repositories specified
INFO: [IP_Flow 19-2313] Loaded Vivado IP repository 'F:/Vivado/Vivado/2017.4/data/ip'.
open_project: Time (s): cpu = 00:00:11 ; elapsed = 00:00:11 . Memory (MB): peak = 845.734 ; gain = 116.113
update_compile_order -fileset sources_1
exit
INFO: [Common 17-206] Exiting Vivado at Sat Apr 13 18:43:36 2024...
